<?xml version="1.0" encoding="UTF-8"?>
<!-- Generated by org.testng.reporters.JUnitReportReporter -->
<testsuite hostname="Leonidus-TOSH" failures="0" tests="1" name="testcases.OpenAccountTest" time="4.445" errors="0" timestamp="08 февр. 2019 17:14:27 GMT" skipped="0">
  <testcase classname="testcases.OpenAccountTest" name="openAccount" time="4.445"/>
</testsuite> <!-- testcases.OpenAccountTest -->
