<?xml version="1.0" encoding="UTF-8"?>
<!-- Generated by org.testng.reporters.JUnitReportReporter -->
<testsuite hostname="Leonidus-TOSH" failures="0" tests="1" name="testcases.BankManagerLoginTest" time="0.653" errors="0" timestamp="08 февр. 2019 17:14:27 GMT" skipped="0">
  <testcase classname="testcases.BankManagerLoginTest" name="loginAsBankManager" time="0.653"/>
</testsuite> <!-- testcases.BankManagerLoginTest -->
