<?xml version="1.0" encoding="UTF-8"?>
<!-- Generated by org.testng.reporters.JUnitReportReporter -->
<testsuite hostname="Leonidus-TOSH" failures="0" tests="1" name="testcases.AddCustomerTest" time="5.577" errors="0" timestamp="01 февр. 2019 15:03:07 GMT" skipped="0">
  <testcase classname="testcases.AddCustomerTest" name="addCustomer" time="5.577"/>
</testsuite> <!-- testcases.AddCustomerTest -->
