<?xml version="1.0" encoding="UTF-8"?>
<!-- Generated by org.testng.reporters.JUnitReportReporter -->
<testsuite hostname="Leonidus-TOSH" failures="0" tests="2" name="testcases.AddCustomerTest" time="15.044" errors="0" timestamp="08 февр. 2019 17:14:27 GMT" skipped="0">
  <testcase classname="testcases.AddCustomerTest" name="addCustomer" time="7.679"/>
  <testcase classname="testcases.AddCustomerTest" name="addCustomer" time="7.365"/>
</testsuite> <!-- testcases.AddCustomerTest -->
