<?xml version="1.0" encoding="UTF-8"?>
<!-- Generated by org.testng.reporters.JUnitReportReporter -->
<testsuite hostname="Leonidus-TOSH" failures="0" tests="1" name="testcases.AddCustomerTest" time="5.610" errors="0" timestamp="26 янв. 2019 09:40:29 GMT" skipped="0">
  <testcase classname="testcases.AddCustomerTest" name="addCustomer" time="5.610"/>
</testsuite> <!-- testcases.AddCustomerTest -->
