<?xml version="1.0" encoding="UTF-8"?>
<!-- Generated by org.testng.reporters.JUnitReportReporter -->
<testsuite hostname="Leonidus-TOSH" failures="0" tests="1" name="testcases.AddCustomerTest" time="5.606" errors="0" timestamp="06 февр. 2019 18:35:50 GMT" skipped="0">
  <testcase classname="testcases.AddCustomerTest" name="addCustomer" time="5.606"/>
</testsuite> <!-- testcases.AddCustomerTest -->
