<?xml version="1.0" encoding="UTF-8"?>
<!-- Generated by org.testng.reporters.JUnitReportReporter -->
<testsuite hostname="Leonidus-TOSH" failures="0" tests="1" name="testcases.BankManagerLoginTest" time="0.344" errors="0" timestamp="28 янв. 2019 18:13:34 GMT" skipped="0">
  <testcase classname="testcases.BankManagerLoginTest" name="loginAsBankManager" time="0.344"/>
</testsuite> <!-- testcases.BankManagerLoginTest -->
