<?xml version="1.0" encoding="UTF-8"?>
<!-- Generated by org.testng.reporters.JUnitReportReporter -->
<testsuite hostname="Leonidus-TOSH" failures="0" tests="1" name="testcases.BankManagerLoginTest" time="0.358" errors="0" timestamp="26 янв. 2019 09:40:29 GMT" skipped="0">
  <testcase classname="testcases.BankManagerLoginTest" name="loginAsBankManager" time="0.358"/>
</testsuite> <!-- testcases.BankManagerLoginTest -->
